{
  "RSpec": {
    "coverage": {
      "/Users/rodrigo/Documents/TCC/sorteando/app/controllers/application_controller.rb": [
        1,
        1,
        null
      ],
      "/Users/rodrigo/Documents/TCC/sorteando/app/helpers/application_helper.rb": [
        1,
        null
      ],
      "/Users/rodrigo/Documents/TCC/sorteando/app/helpers/sorteios_helper.rb": [
        1,
        1,
        0,
        null,
        null,
        null
      ],
      "/Users/rodrigo/Documents/TCC/sorteando/app/controllers/concorrentes_controller.rb": [
        null,
        1,
        null,
        1,
        0,
        0,
        null,
        null,
        1,
        0,
        0,
        0,
        null,
        0,
        null,
        null,
        null,
        1,
        0,
        0,
        0,
        null,
        0,
        null,
        null
      ],
      "/Users/rodrigo/Documents/TCC/sorteando/app/models/concorrente.rb": [
        null,
        1,
        1,
        1,
        null,
        1,
        0,
        null,
        null
      ],
      "/Users/rodrigo/Documents/TCC/sorteando/app/controllers/sorteios_controller.rb": [
        null,
        1,
        null,
        null,
        1,
        0,
        0,
        0,
        null,
        null,
        null,
        null,
        1,
        0,
        null,
        null,
        null,
        null,
        1,
        0,
        null,
        null,
        null,
        null,
        1,
        0,
        null,
        null,
        null,
        1,
        0,
        null,
        null,
        null,
        null,
        1,
        0,
        0,
        0,
        null,
        0,
        null,
        null,
        null,
        null,
        null,
        1,
        0,
        0,
        0,
        null,
        0,
        null,
        null,
        null,
        null,
        null,
        1,
        0,
        0,
        0,
        null,
        null
      ],
      "/Users/rodrigo/Documents/TCC/sorteando/app/models/sorteio.rb": [
        null,
        1,
        1,
        1,
        null,
        1,
        1,
        1,
        null,
        1,
        4,
        1,
        2,
        2,
        2,
        null,
        1,
        null,
        null
      ],
      "/Users/rodrigo/Documents/TCC/sorteando/app/models/vencedor_sorteio.rb": [
        1,
        1,
        1,
        null
      ]
    },
    "timestamp": 1340727318
  }
}
